\BOOKMARK [1][-]{section*.2}{\376\377\000I\000n\000t\000r\000o\000d\000u\000c\000t\000i\000o\000n}{}% 1
\BOOKMARK [1][-]{section*.3}{\376\377\000M\000e\000t\000h\000o\000d\000s}{}% 2
\BOOKMARK [2][-]{section*.4}{\376\377\000M\000o\000d\000e\000l\000i\000n\000g\000\040\000a\000n\000i\000m\000a\000l\000\040\000n\000e\000t\000w\000o\000r\000k\000s}{section*.3}% 3
\BOOKMARK [2][-]{section*.5}{\376\377\000S\000o\000c\000i\000a\000l\000\040\000r\000e\000l\000a\000t\000i\000o\000n\000s}{section*.3}% 4
\BOOKMARK [3][-]{section*.6}{\376\377\000M\000o\000d\000e\000l\000\040\000d\000e\000f\000i\000n\000i\000t\000i\000o\000n}{section*.5}% 5
\BOOKMARK [3][-]{section*.7}{\376\377\000P\000r\000i\000o\000r\000s}{section*.5}% 6
\BOOKMARK [2][-]{section*.9}{\376\377\000S\000a\000m\000p\000l\000i\000n\000g\000\040\000b\000i\000a\000s}{section*.3}% 7
\BOOKMARK [2][-]{section*.10}{\376\377\000I\000n\000t\000e\000r\000a\000c\000t\000i\000o\000n\000\040\000b\000i\000a\000s\000,\000\040\000o\000r\000\040\000c\000e\000n\000s\000o\000r\000i\000n\000g}{section*.3}% 8
\BOOKMARK [2][-]{section*.11}{\376\377\000T\000e\000s\000t\000i\000n\000g\000\040\000A\000S\000N\000A\000\040\000m\000e\000t\000h\000o\000d\000s}{section*.3}% 9
\BOOKMARK [3][-]{section*.12}{\376\377\000S\000c\000e\000n\000a\000r\000i\000o\000s\000:}{section*.11}% 10
\BOOKMARK [3][-]{section*.13}{\376\377\000T\000e\000s\000t\000e\000d\000\040\000a\000p\000p\000r\000o\000a\000c\000h\000e\000s\000:}{section*.11}% 11
\BOOKMARK [1][-]{section*.15}{\376\377\000R\000e\000s\000u\000l\000t\000s}{}% 12
\BOOKMARK [2][-]{section*.16}{\376\377\000E\000v\000a\000l\000u\000a\000t\000i\000n\000g\000\040\000t\000h\000e\000\040\000a\000c\000c\000u\000r\000a\000c\000y\000\040\000o\000f\000\040\000t\000h\000e\000\040\000s\000i\000m\000u\000l\000a\000t\000i\000o\000n\000\040\000m\000o\000d\000e\000l\000.}{section*.15}% 13
\BOOKMARK [2][-]{section*.18}{\376\377\000S\000c\000e\000n\000a\000r\000i\000o\000\040\0001}{section*.15}% 14
\BOOKMARK [2][-]{section*.19}{\376\377\000S\000c\000e\000n\000a\000r\000i\000o\000\040\0002}{section*.15}% 15
\BOOKMARK [2][-]{section*.20}{\376\377\000S\000c\000e\000n\000a\000r\000i\000o\000\040\0003}{section*.15}% 16
\BOOKMARK [2][-]{section*.21}{\376\377\000S\000c\000e\000n\000a\000r\000i\000o\000\040\0004}{section*.15}% 17
\BOOKMARK [2][-]{section*.22}{\376\377\000S\000c\000e\000n\000a\000r\000i\000o\000\040\0005}{section*.15}% 18
\BOOKMARK [2][-]{section*.23}{\376\377\000S\000c\000e\000n\000a\000r\000i\000o\000\040\0006}{section*.15}% 19
\BOOKMARK [1][-]{section*.24}{\376\377\000D\000i\000s\000c\000u\000s\000s\000i\000o\000n}{}% 20
